[21/02/2025 21:41:37] HyperDev_ won Netherite Helmet (ID: netherite_helmet, Weight: 10.0) from Galactic Crate (ID: galactic)
[24/02/2025 08:38:45] Elmejorgamerokno won Ruby Axe (ID: ruby_axe, Weight: 10.0) from Vote Crate (ID: vote)
[25/02/2025 17:46:22] SetiBey won Ruby Shield (ID: ruby_shield, Weight: 10.0) from Vote Crate (ID: vote)
[27/02/2025 03:36:38] Oldcapt won Emerald Boots (ID: emerald_boots, Weight: 10.0) from Vote Crate (ID: vote)
[27/02/2025 04:18:27] Oldcapt won Ruby Pickaxe (ID: ruby_pickaxe, Weight: 10.0) from Vote Crate (ID: vote)
[27/02/2025 04:39:24] Oldcapt won Ruby Shield (ID: ruby_shield, Weight: 10.0) from Vote Crate (ID: vote)
[02/03/2025 10:28:45] Jirwexis won Green Bow (ID: green_bow, Weight: 10.0) from Vote Crate (ID: vote)
[02/03/2025 14:05:42] cody_raves won Emerald Helmet (ID: emerald_helmet, Weight: 10.0) from Vote Crate (ID: vote)
[02/03/2025 14:12:25] cody_raves won Turquoise (ID: turquoise, Weight: 10.0) from Vote Crate (ID: vote)
[03/03/2025 12:29:28] mcpvpdk won Diamonds Finder Potion (ID: diamonds_finder_potion, Weight: 10.0) from Vote Crate (ID: vote)
[03/03/2025 19:50:35] cody_raves won Welding Mask (ID: welding_mask, Weight: 10.0) from Vote Crate (ID: vote)
[09/03/2025 02:34:25] hypist won Ruby Shield (ID: ruby_shield, Weight: 10.0) from Vote Crate (ID: vote)
[13/03/2025 18:35:20] MiguelFierro won Ruby Pickaxe (ID: ruby_pickaxe, Weight: 10.0) from Vote Crate (ID: vote)
[13/03/2025 18:49:07] iMrLuky won Turquoise (ID: turquoise, Weight: 10.0) from Vote Crate (ID: vote)
[13/03/2025 18:56:05] iMrLuky won Turquoise (ID: turquoise, Weight: 10.0) from Vote Crate (ID: vote)
[13/03/2025 19:52:10] LordRyan07 won Ruby Pickaxe (ID: ruby_pickaxe, Weight: 10.0) from Vote Crate (ID: vote)
[14/03/2025 07:50:04] stargate9591 won Brown Backpack (ID: brown_backpack, Weight: 10.0) from Vote Crate (ID: vote)
[14/03/2025 07:56:20] stargate9591 won Turquoise (ID: turquoise, Weight: 10.0) from Vote Crate (ID: vote)
[15/03/2025 02:26:09] AzazeliTV won Ruby Pickaxe (ID: ruby_pickaxe, Weight: 10.0) from Vote Crate (ID: vote)
[25/03/2025 22:14:31] mertimm won Brown Backpack (ID: brown_backpack, Weight: 10.0) from Vote Crate (ID: vote)
[29/03/2025 21:26:23] Niaeva won Emerald Helmet (ID: emerald_helmet, Weight: 10.0) from Vote Crate (ID: vote)
[01/04/2025 15:56:27] HyperDev_ won Emerald Helmet (ID: emerald_helmet, Weight: 10.0) from Vote Crate (ID: vote)
[02/04/2025 15:43:30] Bennybetr won Brown Backpack (ID: brown_backpack, Weight: 10.0) from Vote Crate (ID: vote)
[02/04/2025 15:55:05] Bennybetr won Ruby Axe (ID: ruby_axe, Weight: 10.0) from Vote Crate (ID: vote)
[06/04/2025 13:15:53] Jirwexis won Emerald Boots (ID: emerald_boots, Weight: 10.0) from Vote Crate (ID: vote)
[11/04/2025 02:27:56] NotKyru won Emeralds Finder Potion (ID: emeralds_finder_potion, Weight: 10.0) from Vote Crate (ID: vote)
[11/04/2025 20:08:24] Gh0stIdentity won Ruby Shield (ID: ruby_shield, Weight: 10.0) from Vote Crate (ID: vote)
[14/04/2025 16:09:31] M1rcELoRO won Bronze Axe (ID: bronze_axe, Weight: 10.0) from Vote Crate (ID: vote)
[14/04/2025 16:23:23] M1rcELoRO won Turquoise (ID: turquoise, Weight: 10.0) from Vote Crate (ID: vote)
[15/04/2025 06:09:24] zombieslayr420 won Welding Mask (ID: welding_mask, Weight: 10.0) from Vote Crate (ID: vote)
[16/04/2025 23:43:24] hunnito won Cool Sunglasses (ID: cool_sunglasses, Weight: 10.0) from Vote Crate (ID: vote)
[18/04/2025 22:46:14] Rcc69 won Dark Amethyst Prism (ID: dark_amethyst_prism, Weight: 10.0) from Vote Crate (ID: vote)
[18/04/2025 22:53:21] Rcc69 won Dark Amethyst Prism (ID: dark_amethyst_prism, Weight: 10.0) from Vote Crate (ID: vote)
[19/04/2025 00:03:54] kakadou won Brown Backpack (ID: brown_backpack, Weight: 10.0) from Vote Crate (ID: vote)
[19/04/2025 08:20:24] Test124 won Emerald Chestplate (ID: emerald_chestplate, Weight: 10.0) from Vote Crate (ID: vote)
[23/04/2025 23:41:29] XER0GRAVITY won Emerald Chestplate (ID: emerald_chestplate, Weight: 10.0) from Vote Crate (ID: vote)
[23/04/2025 23:55:51] XER0GRAVITY won Brown Backpack (ID: brown_backpack, Weight: 10.0) from Vote Crate (ID: vote)
[26/04/2025 16:11:22] xvmee won Brown Backpack (ID: brown_backpack, Weight: 10.0) from Vote Crate (ID: vote)
[26/04/2025 18:18:55] Zelenofuk won Cool Sunglasses (ID: cool_sunglasses, Weight: 10.0) from Vote Crate (ID: vote)
[27/04/2025 13:16:34] Zelenofuk won Ruby Pickaxe (ID: ruby_pickaxe, Weight: 10.0) from Vote Crate (ID: vote)
[27/04/2025 13:16:39] Zelenofuk won Emerald Leggings (ID: emerald_leggings, Weight: 10.0) from Vote Crate (ID: vote)
[27/04/2025 17:32:14] ____Hellboy_____ won Dark Amethyst Prism (ID: dark_amethyst_prism, Weight: 10.0) from Vote Crate (ID: vote)
[28/04/2025 15:24:48] Criting won Turquoise (ID: turquoise, Weight: 10.0) from Vote Crate (ID: vote)
[01/05/2025 17:08:35] viomezoh won Welding Mask (ID: welding_mask, Weight: 10.0) from Vote Crate (ID: vote)
